<?xml version="1.0" encoding="UTF-8"?>
<!-- Generated by org.testng.reporters.JUnitXMLReporter -->
<testsuite ignored="0" hostname="DESKTOP-KRH0EH3" failures="0" tests="3" name="Default test" time="7.647" errors="0" timestamp="2023-06-08T13:32:27 IST">
  <testcase classname="testngprojects.InformationCommands" name="Gmail" time="0.071"/>
  <testcase classname="testngprojects.InformationCommands" name="google_image" time="0.081"/>
  <testcase classname="testngprojects.InformationCommands" name="search_button" time="0.073"/>
</testsuite> <!-- Default test -->
