<?xml version="1.0" encoding="UTF-8"?>
<testng-results ignored="0" total="3" passed="3" failed="0" skipped="0">
  <reporter-output>
  </reporter-output>
  <suite started-at="2023-06-08T13:32:19 IST" name="Default suite" finished-at="2023-06-08T13:32:27 IST" duration-ms="7647">
    <groups>
    </groups>
    <test started-at="2023-06-08T13:32:19 IST" name="Default test" finished-at="2023-06-08T13:32:27 IST" duration-ms="7647">
      <class name="testngprojects.InformationCommands">
        <test-method is-config="true" signature="beforeTest()[pri:0, instance:testngprojects.InformationCommands@ef9296d]" started-at="2023-06-08T13:32:19 IST" name="beforeTest" finished-at="2023-06-08T13:32:26 IST" duration-ms="7293" status="PASS">
          <reporter-output>
          </reporter-output>
        </test-method> <!-- beforeTest -->
        <test-method signature="Gmail()[pri:1, instance:testngprojects.InformationCommands@ef9296d]" started-at="2023-06-08T13:32:26 IST" name="Gmail" finished-at="2023-06-08T13:32:27 IST" duration-ms="71" status="PASS">
          <reporter-output>
          </reporter-output>
        </test-method> <!-- Gmail -->
        <test-method signature="google_image()[pri:2, instance:testngprojects.InformationCommands@ef9296d]" started-at="2023-06-08T13:32:27 IST" name="google_image" finished-at="2023-06-08T13:32:27 IST" duration-ms="81" status="PASS">
          <reporter-output>
          </reporter-output>
        </test-method> <!-- google_image -->
        <test-method signature="search_button()[pri:3, instance:testngprojects.InformationCommands@ef9296d]" started-at="2023-06-08T13:32:27 IST" name="search_button" finished-at="2023-06-08T13:32:27 IST" duration-ms="73" status="PASS">
          <reporter-output>
          </reporter-output>
        </test-method> <!-- search_button -->
        <test-method is-config="true" signature="afterTest()[pri:0, instance:testngprojects.InformationCommands@ef9296d]" started-at="2023-06-08T13:32:27 IST" name="afterTest" finished-at="2023-06-08T13:32:27 IST" duration-ms="3" status="PASS">
          <reporter-output>
          </reporter-output>
        </test-method> <!-- afterTest -->
      </class> <!-- testngprojects.InformationCommands -->
    </test> <!-- Default test -->
  </suite> <!-- Default suite -->
</testng-results>
